  Shader.cpp
C:\dev\VulkanEngine\Engine\Veist/Scenes/ECS/ECSTypes.h(22,19): warning C4293: '>>': shift count negative or too big, undefined behavior
  VeistEngine.vcxproj -> C:\dev\VulkanEngine\bin\Debug\VeistEngine.lib

Project Performance Summary:
        9 ms  C:\dev\VulkanEngine\ZERO_CHECK.vcxproj    24 calls
                  1 ms  GetTargetPath                              6 calls
                  4 ms  GetNativeManifest                          6 calls
                  2 ms  GetResolvedLinkLibs                        6 calls
                  2 ms  GetCopyToOutputDirectoryItems              6 calls
       31 ms  C:\dev\VulkanEngine\vendor\glfw-3.3.4\src\glfw.vcxproj   8 calls
                  0 ms  GetTargetPath                              2 calls
                  1 ms  GetNativeManifest                          2 calls
                 25 ms  GetResolvedLinkLibs                        2 calls
                  5 ms  GetCopyToOutputDirectoryItems              2 calls
       52 ms  C:\dev\VulkanEngine\vendor\imgui.vcxproj   4 calls
                  0 ms  GetTargetPath                              1 calls
                  0 ms  GetNativeManifest                          1 calls
                 40 ms  GetResolvedLinkLibs                        1 calls
                 12 ms  GetCopyToOutputDirectoryItems              1 calls
       95 ms  C:\dev\VulkanEngine\vendor\spirv-cross\spirv-cross-glsl.vcxproj   4 calls
                  1 ms  GetTargetPath                              1 calls
                  1 ms  GetNativeManifest                          1 calls
                 91 ms  GetResolvedLinkLibs                        1 calls
                  2 ms  GetCopyToOutputDirectoryItems              1 calls
      143 ms  C:\dev\VulkanEngine\vendor\shaderc_file_includer.vcxproj   4 calls
                  3 ms  GetTargetPath                              1 calls
                  4 ms  GetNativeManifest                          1 calls
                130 ms  GetResolvedLinkLibs                        1 calls
                  6 ms  GetCopyToOutputDirectoryItems              1 calls
      145 ms  C:\dev\VulkanEngine\vendor\spirv-cross\spirv-cross-core.vcxproj   8 calls
                  4 ms  GetTargetPath                              2 calls
                  4 ms  GetNativeManifest                          2 calls
                131 ms  GetResolvedLinkLibs                        2 calls
                  6 ms  GetCopyToOutputDirectoryItems              2 calls
     4760 ms  C:\dev\VulkanEngine\Engine\VeistEngine.vcxproj   1 calls
               4760 ms  Build                                      1 calls

Target Performance Summary:
        0 ms  BeforeLib                                  1 calls
        0 ms  AfterClCompile                             1 calls
        0 ms  MakeDirsForXdcMake                         1 calls
        0 ms  SelectClCompile                            1 calls
        0 ms  _XdcMake                                   1 calls
        0 ms  MakeDirsForBscMake                         1 calls
        0 ms  _BscMake                                   1 calls
        0 ms  ComputeReferenceCLInput                    1 calls
        0 ms  FindReferenceAssembliesForReferences       1 calls
        0 ms  ComputeCLInputPDBName                      1 calls
        0 ms  BeforeClCompile                            1 calls
        0 ms  BuildCompileTraverse                       1 calls
        0 ms  BuildGenerateSources                       1 calls
        0 ms  _BuildGenerateSourcesAction                1 calls
        0 ms  AfterBuildGenerateSourcesEvent             1 calls
        0 ms  _Manifest                                  1 calls
        0 ms  _ClCompile                                 1 calls
        0 ms  BeforeResourceCompile                      1 calls
        0 ms  AfterResourceCompile                       1 calls
        0 ms  _ResourceCompile                           1 calls
        0 ms  BuildLinkTraverse                          1 calls
        0 ms  BuildCompile                               1 calls
        0 ms  _BuildCompileAction                        1 calls
        0 ms  AfterBuildCompileEvent                     1 calls
        0 ms  _Lib                                       1 calls
        0 ms  AfterLib                                   1 calls
        0 ms  RegisterOutput                             1 calls
        0 ms  _Midl                                      1 calls
        0 ms  PreLinkEvent                               1 calls
        0 ms  ResolvedXDCMake                            1 calls
        0 ms  ComputeReferenceLibInputs                  1 calls
        0 ms  ComputeLibInputsFromProject                1 calls
        0 ms  ComputeCLGeneratedLibInputs                1 calls
        0 ms  ComputeRCGeneratedLibInputs                1 calls
        0 ms  ComputeRCOutputs                           1 calls
        0 ms  ComputeLibAdditionalOptions                1 calls
        0 ms  DoLibOutputFilesMatch                      1 calls
        0 ms  AfterMidl                                  1 calls
        0 ms  AfterBuildGenerateSources                  1 calls
        0 ms  _ALink                                     1 calls
        0 ms  CreateSatelliteAssemblies                  1 calls
        0 ms  ComputeMIDLGeneratedCompileInputs          1 calls
        0 ms  GetReferenceAssemblyPaths                  6 calls
        0 ms  _Appverifier                               1 calls
        0 ms  _Deploy                                    1 calls
        0 ms  IncrementalClean                           1 calls
        0 ms  _PopulateCommonStateForGetCopyToOutputDirectoryItems   7 calls
        0 ms  GetTargetPathWithTargetPlatformMoniker     6 calls
        0 ms  AfterBuild                                 1 calls
        0 ms  _GetCopyToOutputDirectoryItemsFromThisProject   7 calls
        0 ms  _CopySourceItemsToOutputDirectory          1 calls
        0 ms  _CheckForCompileOutputs                    1 calls
        0 ms  PrepareProjectReferences                   6 calls
        0 ms  PrepareForRun                              1 calls
        0 ms  _BuildLinkAction                           1 calls
        0 ms  _CheckWindowsSDKInstalled                  6 calls
        0 ms  BuildLink                                  1 calls
        0 ms  BeforeResolveReferences                    6 calls
        0 ms  MakeDirsForFxc                             1 calls
        0 ms  ResolveSDKReferences                       6 calls
        0 ms  SatelliteDllsProjectOutputGroup            1 calls
        0 ms  PrepareResourceNames                       1 calls
        0 ms  AfterResolveReferences                     6 calls
        0 ms  ResolveReferences                          6 calls
        0 ms  CreateCustomManifestResourceNames          1 calls
        0 ms  BuildGenerateSourcesTraverse               1 calls
        0 ms  BeforeBuildGenerateSources                 1 calls
        0 ms  _GenerateSatelliteAssemblyInputs           1 calls
        0 ms  PreBuildEvent                              1 calls
        0 ms  _SelectedFiles                             1 calls
        0 ms  SelectCustomBuild                          1 calls
        0 ms  _Xsd                                       1 calls
        0 ms  BuiltProjectOutputGroup                    1 calls
        0 ms  CopyFileToFolders                          1 calls
        1 ms  _PrepareForBuild                           1 calls
        1 ms  SplitResourcesByCulture                    1 calls
        1 ms  MakeDirsForResourceCompile                 1 calls
        1 ms  FinalizeBuildStatus                        1 calls
        1 ms  ComputeCLCompileGeneratedXDCFiles          1 calls
        1 ms  GetResolvedLinkLibs                        6 calls
        1 ms  ComputeCLOutputs                           1 calls
        1 ms  MakeDirsForMidl                            1 calls
        1 ms  Build                                      1 calls
        1 ms  GetCopyToOutputDirectoryXamlAppDefs        7 calls
        1 ms  SetCABuildNativeEnvironmentVariables       6 calls
        1 ms  ComputeLegacyManifestEmbedding             1 calls
        1 ms  FixupCLCompileOptions                      1 calls
        1 ms  ComputeCustomBuildOutput                   1 calls
        1 ms  PostBuildEvent                             1 calls
        1 ms  MakeDirsForLib                             1 calls
        2 ms  ResolveAssemblyReferences                  6 calls
        2 ms  GetResolvedWinMD                           7 calls
        2 ms  _CleanGetCurrentAndPriorFileWrites         1 calls
        2 ms  _GetProjectReferenceTargetFrameworkProperties   7 calls
        2 ms  ComputeCLCompileGeneratedSbrFiles          1 calls
        2 ms  GetTargetPath                              6 calls
        2 ms  _PrepareForReferenceResolution             7 calls
        2 ms  ContentFilesProjectOutputGroup             1 calls
        3 ms  InitializeBuildStatus                      1 calls
        3 ms  GetFrameworkPaths                          6 calls
        4 ms  _RemoveNameMetadataFromProjectReferenceItems   6 calls
        4 ms  WarnCompileDuplicatedFilename              1 calls
        4 ms  AssignTargetPaths                          7 calls
        5 ms  MakeDirsForCl                              1 calls
        6 ms  _SplitProjectReferencesByFileExistence     7 calls
        8 ms  CreateRecipeFile                           1 calls
        9 ms  CopyFilesToOutputDirectory                 1 calls
        9 ms  SetTelemetryEnvironmentVariables           1 calls
       14 ms  GetNativeManifest                          6 calls
       16 ms  AssignProjectConfiguration                 6 calls
       17 ms  SetBuildDefaultEnvironmentVariables        6 calls
       23 ms  ExpandSDKReferences                        6 calls
       25 ms  CustomBuild                                1 calls
       41 ms  _GetCopyToOutputDirectoryItemsFromTransitiveProjectReferences   7 calls
       44 ms  GetCopyToOutputDirectoryItems              7 calls
       48 ms  PrepareForBuild                            6 calls
       51 ms  _CheckForInvalidConfigurationAndPlatform   6 calls
      212 ms  ResolvedLinkLib                            6 calls
      531 ms  Lib                                        1 calls
      769 ms  ResolveProjectReferences                   6 calls
     3388 ms  ClCompile                                  1 calls

Task Performance Summary:
        0 ms  ConvertToAbsolutePath                      1 calls
        0 ms  CreateItem                                 2 calls
        0 ms  AssignCulture                              1 calls
        0 ms  RemoveDuplicates                           2 calls
        1 ms  ReadLinesFromFile                          2 calls
        1 ms  Delete                                     2 calls
        1 ms  WriteLinesToFile                           1 calls
        1 ms  Touch                                      2 calls
        1 ms  ResolveNonMSBuildProjectOutput             6 calls
        2 ms  FindUnderPath                              5 calls
        3 ms  CheckVCToolsetVersion                      6 calls
        4 ms  AssignTargetPath                          49 calls
        5 ms  Message                                   13 calls
        6 ms  MakeDir                                   20 calls
        8 ms  GenerateDesktopDeployRecipe                1 calls
        9 ms  Copy                                       1 calls
       10 ms  SetEnv                                    33 calls
       14 ms  AssignProjectConfiguration                 6 calls
       25 ms  GetOutOfDateItems                          3 calls
       43 ms  CallTarget                                14 calls
      531 ms  LIB                                        1 calls
      954 ms  MSBuild                                   31 calls
     3385 ms  CL                                         1 calls
