  Editor.vcxproj -> C:\dev\VulkanEngine\bin\Debug\Editor.exe

Project Performance Summary:
        4 ms  C:\dev\VulkanEngine\ZERO_CHECK.vcxproj    28 calls
                  1 ms  GetTargetPath                              7 calls
                  0 ms  GetNativeManifest                          7 calls
                  1 ms  GetResolvedLinkLibs                        7 calls
                  2 ms  GetCopyToOutputDirectoryItems              7 calls
       12 ms  C:\dev\VulkanEngine\vendor\spirv-cross\spirv-cross-core.vcxproj  12 calls
                  1 ms  GetTargetPath                              3 calls
                  1 ms  GetNativeManifest                          3 calls
                  9 ms  GetResolvedLinkLibs                        3 calls
                  1 ms  GetCopyToOutputDirectoryItems              3 calls
       31 ms  C:\dev\VulkanEngine\vendor\glfw-3.3.4\src\glfw.vcxproj  12 calls
                  1 ms  GetTargetPath                              3 calls
                  0 ms  GetNativeManifest                          3 calls
                 24 ms  GetResolvedLinkLibs                        3 calls
                  6 ms  GetCopyToOutputDirectoryItems              3 calls
       53 ms  C:\dev\VulkanEngine\vendor\imgui.vcxproj   8 calls
                  0 ms  GetTargetPath                              2 calls
                  0 ms  GetNativeManifest                          2 calls
                 45 ms  GetResolvedLinkLibs                        2 calls
                  8 ms  GetCopyToOutputDirectoryItems              2 calls
       62 ms  C:\dev\VulkanEngine\vendor\spirv-cross\spirv-cross-glsl.vcxproj   8 calls
                  1 ms  GetTargetPath                              2 calls
                 21 ms  GetNativeManifest                          2 calls
                 32 ms  GetResolvedLinkLibs                        2 calls
                  8 ms  GetCopyToOutputDirectoryItems              2 calls
       85 ms  C:\dev\VulkanEngine\Engine\VeistEngine.vcxproj   4 calls
                  0 ms  GetTargetPath                              1 calls
                  0 ms  GetNativeManifest                          1 calls
                 78 ms  GetResolvedLinkLibs                        1 calls
                  7 ms  GetCopyToOutputDirectoryItems              1 calls
      106 ms  C:\dev\VulkanEngine\vendor\shaderc_file_includer.vcxproj   8 calls
                  4 ms  GetTargetPath                              2 calls
                  5 ms  GetNativeManifest                          2 calls
                 91 ms  GetResolvedLinkLibs                        2 calls
                  6 ms  GetCopyToOutputDirectoryItems              2 calls
     3137 ms  C:\dev\VulkanEngine\Editor\Editor.vcxproj   1 calls
               3137 ms  Build                                      1 calls

Target Performance Summary:
        0 ms  BuildCompile                               1 calls
        0 ms  _Link                                      1 calls
        0 ms  AfterLink                                  1 calls
        0 ms  PreLinkEvent                               1 calls
        0 ms  DoLinkOutputFilesMatch                     1 calls
        0 ms  PrepareResourceNames                       1 calls
        0 ms  CreateCustomManifestResourceNames          1 calls
        0 ms  SplitResourcesByCulture                    1 calls
        0 ms  ComputeManifestInputsTargets               1 calls
        0 ms  ComputeReferenceLinkInputs                 1 calls
        0 ms  ComputeResolveLinkObj                      1 calls
        0 ms  ComputeLinkInputsFromProject               1 calls
        0 ms  ComputeCLGeneratedLinkInputs               1 calls
        0 ms  ComputeManifestGeneratedLinkerInputs       1 calls
        0 ms  ComputeRCGeneratedLinkInputs               1 calls
        0 ms  ComputeRCOutputs                           1 calls
        0 ms  BeforeLink                                 1 calls
        0 ms  ComputeLegacyManifestEmbedding             1 calls
        0 ms  BuildLinkTraverse                          1 calls
        0 ms  _BuildCompileAction                        1 calls
        0 ms  AfterBuildCompileEvent                     1 calls
        0 ms  _ResourceCompile                           1 calls
        0 ms  AfterResourceCompile                       1 calls
        0 ms  BeforeResourceCompile                      1 calls
        0 ms  _ALink                                     1 calls
        0 ms  _ClCompile                                 1 calls
        0 ms  _Manifest                                  1 calls
        0 ms  ResolvedXDCMake                            1 calls
        0 ms  IncrementalClean                           1 calls
        0 ms  AfterBuild                                 1 calls
        0 ms  BuildLink                                  1 calls
        0 ms  _BuildLinkAction                           1 calls
        0 ms  PostBuildEvent                             1 calls
        0 ms  PrepareForRun                              1 calls
        0 ms  CopyFilesToOutputDirectory                 1 calls
        0 ms  _CopySourceItemsToOutputDirectory          1 calls
        0 ms  _GetCopyToOutputDirectoryItemsFromThisProject   8 calls
        0 ms  _PopulateCommonStateForGetCopyToOutputDirectoryItems   8 calls
        0 ms  _Deploy                                    1 calls
        0 ms  _Appverifier                               1 calls
        0 ms  CreateSatelliteAssemblies                  1 calls
        0 ms  _GenerateSatelliteAssemblyInputs           1 calls
        0 ms  ContentFilesProjectOutputGroup             1 calls
        0 ms  MakeDirsForFxc                             1 calls
        0 ms  SatelliteDllsProjectOutputGroup            1 calls
        0 ms  BuiltProjectOutputGroup                    1 calls
        0 ms  MakeDirsForBscMake                         1 calls
        0 ms  ComputeCLCompileGeneratedSbrFiles          1 calls
        0 ms  _XdcMake                                   1 calls
        0 ms  MakeDirsForXdcMake                         1 calls
        0 ms  ComputeCLCompileGeneratedXDCFiles          1 calls
        0 ms  RegisterOutput                             1 calls
        0 ms  AfterClCompile                             1 calls
        0 ms  Build                                      1 calls
        0 ms  SelectClCompile                            1 calls
        0 ms  _Xsd                                       1 calls
        0 ms  CopyFileToFolders                          1 calls
        0 ms  SelectCustomBuild                          1 calls
        0 ms  _SelectedFiles                             1 calls
        0 ms  PreBuildEvent                              1 calls
        0 ms  BeforeBuildGenerateSources                 1 calls
        0 ms  ResolveReferences                          7 calls
        0 ms  AfterResolveReferences                     7 calls
        0 ms  ExpandSDKReferences                        7 calls
        0 ms  ResolveSDKReferences                       7 calls
        0 ms  GetReferenceAssemblyPaths                  7 calls
        0 ms  _RemoveNameMetadataFromProjectReferenceItems   7 calls
        0 ms  PrepareProjectReferences                   7 calls
        0 ms  BeforeResolveReferences                    7 calls
        0 ms  SetTelemetryEnvironmentVariables           1 calls
        0 ms  MakeDirsForMidl                            1 calls
        0 ms  ComputeMIDLGeneratedCompileInputs          1 calls
        0 ms  BuildGenerateSourcesTraverse               1 calls
        0 ms  ComputeReferenceCLInput                    1 calls
        0 ms  BeforeClCompile                            1 calls
        0 ms  WarnCompileDuplicatedFilename              1 calls
        0 ms  BuildGenerateSources                       1 calls
        0 ms  FixupCLCompileOptions                      1 calls
        0 ms  AfterBuildGenerateSourcesEvent             1 calls
        0 ms  _BuildGenerateSourcesAction                1 calls
        0 ms  AfterBuildGenerateSources                  1 calls
        0 ms  FindReferenceAssembliesForReferences       1 calls
        0 ms  _Midl                                      1 calls
        0 ms  AfterMidl                                  1 calls
        0 ms  ComputeCLInputPDBName                      1 calls
        1 ms  ComputeCustomBuildOutput                   1 calls
        1 ms  _PrepareForBuild                           1 calls
        1 ms  GetTargetPath                              7 calls
        1 ms  ComputeLinkImportLibraryOutputsForClean    1 calls
        1 ms  BuildCompileTraverse                       1 calls
        1 ms  MakeDirsForResourceCompile                 1 calls
        1 ms  _CleanGetCurrentAndPriorFileWrites         1 calls
        1 ms  MakeDirsForLink                            1 calls
        1 ms  GetResolvedWinMD                           8 calls
        1 ms  GetCopyToOutputDirectoryXamlAppDefs        8 calls
        1 ms  _CheckForCompileOutputs                    1 calls
        1 ms  ComputeCLOutputs                           1 calls
        1 ms  _BscMake                                   1 calls
        1 ms  GetResolvedLinkLibs                        7 calls
        2 ms  GetFrameworkPaths                          7 calls
        2 ms  GetTargetPathWithTargetPlatformMoniker     7 calls
        2 ms  FinalizeBuildStatus                        1 calls
        2 ms  _GetProjectReferenceTargetFrameworkProperties   8 calls
        2 ms  ResolveAssemblyReferences                  7 calls
        3 ms  SetCABuildNativeEnvironmentVariables       7 calls
        3 ms  _PrepareForReferenceResolution             8 calls
        3 ms  _CheckWindowsSDKInstalled                  7 calls
        4 ms  InitializeBuildStatus                      1 calls
        4 ms  AssignTargetPaths                          8 calls
        5 ms  MakeDirsForCl                              1 calls
        6 ms  CreateRecipeFile                           1 calls
        6 ms  AssignProjectConfiguration                 7 calls
        8 ms  ComputeLinkSwitches                        1 calls
        9 ms  _SplitProjectReferencesByFileExistence     8 calls
       11 ms  SetBuildDefaultEnvironmentVariables        7 calls
       17 ms  _CheckForInvalidConfigurationAndPlatform   7 calls
       20 ms  CustomBuild                                1 calls
       25 ms  GetNativeManifest                          7 calls
       27 ms  PrepareForBuild                            7 calls
       44 ms  _GetCopyToOutputDirectoryItemsFromTransitiveProjectReferences   8 calls
       46 ms  GetCopyToOutputDirectoryItems              8 calls
       60 ms  ClCompile                                  1 calls
      162 ms  ResolvedLinkLib                            7 calls
      599 ms  ResolveProjectReferences                   7 calls
     2430 ms  Link                                       1 calls

Task Performance Summary:
        0 ms  Message                                   15 calls
        0 ms  ConvertToAbsolutePath                      1 calls
        0 ms  CreateItem                                 2 calls
        0 ms  AssignCulture                              1 calls
        0 ms  RemoveDuplicates                           2 calls
        0 ms  ReadLinesFromFile                          2 calls
        0 ms  Delete                                     2 calls
        1 ms  WriteLinesToFile                           1 calls
        1 ms  AssignTargetPath                          56 calls
        1 ms  FindUnderPath                              5 calls
        2 ms  CheckVCToolsetVersion                      7 calls
        2 ms  ResolveNonMSBuildProjectOutput             7 calls
        3 ms  Touch                                      2 calls
        5 ms  AssignProjectConfiguration                 7 calls
        5 ms  MakeDir                                   22 calls
        6 ms  GenerateDesktopDeployRecipe                1 calls
        8 ms  SetEnv                                    38 calls
       20 ms  GetOutOfDateItems                          3 calls
       45 ms  CallTarget                                16 calls
       59 ms  CL                                         1 calls
      784 ms  MSBuild                                   37 calls
     2428 ms  Link                                       1 calls
