  EditorApp.cpp
C:\dev\VulkanEngine\Engine\Scenes/ECS/ECSTypes.h(22,19): warning C4293: '>>': shift count negative or too big, undefined behavior
  Editor.vcxproj -> C:\dev\VulkanEngine\bin\Release\Editor.exe

Project Performance Summary:
        7 ms  C:\dev\VulkanEngine\ZERO_CHECK.vcxproj    28 calls
                  1 ms  GetTargetPath                              7 calls
                  4 ms  GetNativeManifest                          7 calls
                  0 ms  GetResolvedLinkLibs                        7 calls
                  2 ms  GetCopyToOutputDirectoryItems              7 calls
       20 ms  C:\dev\VulkanEngine\vendor\spirv-cross\spirv-cross-core.vcxproj  12 calls
                  1 ms  GetTargetPath                              3 calls
                  1 ms  GetNativeManifest                          3 calls
                  8 ms  GetResolvedLinkLibs                        3 calls
                 10 ms  GetCopyToOutputDirectoryItems              3 calls
       25 ms  C:\dev\VulkanEngine\vendor\glfw-3.3.4\src\glfw.vcxproj  12 calls
                  0 ms  GetTargetPath                              3 calls
                  0 ms  GetNativeManifest                          3 calls
                 19 ms  GetResolvedLinkLibs                        3 calls
                  6 ms  GetCopyToOutputDirectoryItems              3 calls
       73 ms  C:\dev\VulkanEngine\vendor\spirv-cross\spirv-cross-glsl.vcxproj   8 calls
                 18 ms  GetTargetPath                              2 calls
                  1 ms  GetNativeManifest                          2 calls
                 38 ms  GetResolvedLinkLibs                        2 calls
                 16 ms  GetCopyToOutputDirectoryItems              2 calls
      115 ms  C:\dev\VulkanEngine\Engine\VeistEngine.vcxproj   4 calls
                  0 ms  GetTargetPath                              1 calls
                  0 ms  GetNativeManifest                          1 calls
                112 ms  GetResolvedLinkLibs                        1 calls
                  3 ms  GetCopyToOutputDirectoryItems              1 calls
      128 ms  C:\dev\VulkanEngine\vendor\shaderc_file_includer.vcxproj   8 calls
                  5 ms  GetTargetPath                              2 calls
                  5 ms  GetNativeManifest                          2 calls
                112 ms  GetResolvedLinkLibs                        2 calls
                  6 ms  GetCopyToOutputDirectoryItems              2 calls
      134 ms  C:\dev\VulkanEngine\vendor\imgui.vcxproj   8 calls
                  6 ms  GetTargetPath                              2 calls
                  5 ms  GetNativeManifest                          2 calls
                114 ms  GetResolvedLinkLibs                        2 calls
                  9 ms  GetCopyToOutputDirectoryItems              2 calls
     3712 ms  C:\dev\VulkanEngine\Editor\Editor.vcxproj   1 calls
               3712 ms  Build                                      1 calls

Target Performance Summary:
        0 ms  BuildCompile                               1 calls
        0 ms  AfterLink                                  1 calls
        0 ms  ComputeLinkImportLibraryOutputsForClean    1 calls
        0 ms  PreLinkEvent                               1 calls
        0 ms  DoLinkOutputFilesMatch                     1 calls
        0 ms  PrepareResourceNames                       1 calls
        0 ms  CreateCustomManifestResourceNames          1 calls
        0 ms  ComputeReferenceLinkInputs                 1 calls
        0 ms  ComputeResolveLinkObj                      1 calls
        0 ms  ComputeLinkInputsFromProject               1 calls
        0 ms  ComputeCLGeneratedLinkInputs               1 calls
        0 ms  _Link                                      1 calls
        0 ms  ComputeManifestGeneratedLinkerInputs       1 calls
        0 ms  ComputeRCOutputs                           1 calls
        0 ms  BeforeLink                                 1 calls
        0 ms  ComputeLegacyManifestEmbedding             1 calls
        0 ms  BuildLinkTraverse                          1 calls
        0 ms  _BuildCompileAction                        1 calls
        0 ms  AfterBuildCompileEvent                     1 calls
        0 ms  _ResourceCompile                           1 calls
        0 ms  AfterResourceCompile                       1 calls
        0 ms  MakeDirsForResourceCompile                 1 calls
        0 ms  BeforeResourceCompile                      1 calls
        0 ms  ComputeRCGeneratedLinkInputs               1 calls
        0 ms  _ALink                                     1 calls
        0 ms  _Manifest                                  1 calls
        0 ms  RegisterOutput                             1 calls
        0 ms  IncrementalClean                           1 calls
        0 ms  AfterBuild                                 1 calls
        0 ms  BuildLink                                  1 calls
        0 ms  _BuildLinkAction                           1 calls
        0 ms  PostBuildEvent                             1 calls
        0 ms  PrepareForRun                              1 calls
        0 ms  CopyFilesToOutputDirectory                 1 calls
        0 ms  _CheckForCompileOutputs                    1 calls
        0 ms  _CopySourceItemsToOutputDirectory          1 calls
        0 ms  _PopulateCommonStateForGetCopyToOutputDirectoryItems   8 calls
        0 ms  _Deploy                                    1 calls
        0 ms  _Appverifier                               1 calls
        0 ms  CreateSatelliteAssemblies                  1 calls
        0 ms  _GenerateSatelliteAssemblyInputs           1 calls
        0 ms  MakeDirsForFxc                             1 calls
        0 ms  SatelliteDllsProjectOutputGroup            1 calls
        0 ms  BuiltProjectOutputGroup                    1 calls
        0 ms  _BscMake                                   1 calls
        0 ms  MakeDirsForBscMake                         1 calls
        0 ms  ComputeCLCompileGeneratedSbrFiles          1 calls
        0 ms  _XdcMake                                   1 calls
        0 ms  MakeDirsForXdcMake                         1 calls
        0 ms  ResolvedXDCMake                            1 calls
        0 ms  _ClCompile                                 1 calls
        0 ms  AfterClCompile                             1 calls
        0 ms  Build                                      1 calls
        0 ms  BuildGenerateSourcesTraverse               1 calls
        0 ms  _PrepareForBuild                           1 calls
        0 ms  ExpandSDKReferences                        7 calls
        0 ms  AfterResolveReferences                     7 calls
        0 ms  ResolveReferences                          7 calls
        0 ms  SelectClCompile                            1 calls
        0 ms  BeforeBuildGenerateSources                 1 calls
        0 ms  PreBuildEvent                              1 calls
        0 ms  _SelectedFiles                             1 calls
        0 ms  SelectCustomBuild                          1 calls
        0 ms  BeforeResolveReferences                    7 calls
        0 ms  GetFrameworkPaths                          7 calls
        0 ms  _Xsd                                       1 calls
        0 ms  ComputeMIDLGeneratedCompileInputs          1 calls
        0 ms  AfterMidl                                  1 calls
        0 ms  CopyFileToFolders                          1 calls
        0 ms  BuildCompileTraverse                       1 calls
        0 ms  AfterBuildGenerateSources                  1 calls
        0 ms  PrepareProjectReferences                   7 calls
        0 ms  WarnCompileDuplicatedFilename              1 calls
        0 ms  ComputeReferenceCLInput                    1 calls
        0 ms  AfterBuildGenerateSourcesEvent             1 calls
        0 ms  _BuildGenerateSourcesAction                1 calls
        0 ms  ComputeCLInputPDBName                      1 calls
        0 ms  BuildGenerateSources                       1 calls
        0 ms  BeforeClCompile                            1 calls
        0 ms  _Midl                                      1 calls
        1 ms  ComputeCLOutputs                           1 calls
        1 ms  ComputeCustomBuildOutput                   1 calls
        1 ms  _GetProjectReferenceTargetFrameworkProperties   8 calls
        1 ms  MakeDirsForMidl                            1 calls
        1 ms  FinalizeBuildStatus                        1 calls
        1 ms  FindReferenceAssembliesForReferences       1 calls
        1 ms  ContentFilesProjectOutputGroup             1 calls
        1 ms  GetReferenceAssemblyPaths                  7 calls
        1 ms  GetCopyToOutputDirectoryXamlAppDefs        8 calls
        1 ms  ResolveSDKReferences                       7 calls
        1 ms  ComputeCLCompileGeneratedXDCFiles          1 calls
        1 ms  GetTargetPath                              7 calls
        1 ms  _GetCopyToOutputDirectoryItemsFromThisProject   8 calls
        1 ms  ComputeManifestInputsTargets               1 calls
        1 ms  MakeDirsForLink                            1 calls
        1 ms  FixupCLCompileOptions                      1 calls
        1 ms  _RemoveNameMetadataFromProjectReferenceItems   7 calls
        1 ms  SplitResourcesByCulture                    1 calls
        2 ms  GetTargetPathWithTargetPlatformMoniker     7 calls
        2 ms  ComputeLinkSwitches                        1 calls
        2 ms  SetCABuildNativeEnvironmentVariables       7 calls
        2 ms  GetResolvedWinMD                           8 calls
        2 ms  _CleanGetCurrentAndPriorFileWrites         1 calls
        3 ms  InitializeBuildStatus                      1 calls
        4 ms  _CheckWindowsSDKInstalled                  7 calls
        4 ms  MakeDirsForCl                              1 calls
        5 ms  GetResolvedLinkLibs                        7 calls
        5 ms  AssignTargetPaths                          8 calls
        5 ms  _SplitProjectReferencesByFileExistence     8 calls
        5 ms  CreateRecipeFile                           1 calls
        6 ms  SetTelemetryEnvironmentVariables           1 calls
       10 ms  AssignProjectConfiguration                 7 calls
       15 ms  GetNativeManifest                          7 calls
       15 ms  SetBuildDefaultEnvironmentVariables        7 calls
       18 ms  CustomBuild                                1 calls
       24 ms  _PrepareForReferenceResolution             8 calls
       24 ms  ResolveAssemblyReferences                  7 calls
       38 ms  _CheckForInvalidConfigurationAndPlatform   7 calls
       42 ms  PrepareForBuild                            7 calls
       56 ms  _GetCopyToOutputDirectoryItemsFromTransitiveProjectReferences   8 calls
       65 ms  GetCopyToOutputDirectoryItems              8 calls
      204 ms  ResolvedLinkLib                            7 calls
      725 ms  ResolveProjectReferences                   7 calls
     1106 ms  Link                                       1 calls
     1840 ms  ClCompile                                  1 calls

Task Performance Summary:
        0 ms  FindUnderPath                              5 calls
        0 ms  ConvertToAbsolutePath                      1 calls
        0 ms  ResolveNonMSBuildProjectOutput             7 calls
        0 ms  CreateItem                                 2 calls
        0 ms  AssignCulture                              1 calls
        1 ms  Message                                   15 calls
        1 ms  ReadLinesFromFile                          2 calls
        1 ms  Delete                                     2 calls
        1 ms  WriteLinesToFile                           1 calls
        1 ms  Touch                                      2 calls
        1 ms  RemoveDuplicates                           2 calls
        4 ms  CheckVCToolsetVersion                      7 calls
        4 ms  AssignTargetPath                          56 calls
        5 ms  GenerateDesktopDeployRecipe                1 calls
        8 ms  SetEnv                                    38 calls
       10 ms  AssignProjectConfiguration                 7 calls
       11 ms  MakeDir                                   22 calls
       18 ms  GetOutOfDateItems                          3 calls
       59 ms  CallTarget                                16 calls
      913 ms  MSBuild                                   37 calls
     1104 ms  Link                                       1 calls
     1839 ms  CL                                         1 calls
